<?xml version="1.0" encoding="UTF-8"?>
<!-- Generated by org.testng.reporters.JUnitReportReporter -->
<testsuite hostname="DESKTOP-73G0TGN" failures="0" tests="3" name="basic.LoginDashboard" time="10.160" errors="0" timestamp="2023-05-19T08:58:41 IST" skipped="0">
  <testcase classname="basic.LoginDashboard" name="loginTest" time="9.880"/>
  <system-out/>
  <testcase classname="basic.LoginDashboard" name="dashBoard" time="0.265"/>
  <system-out/>
  <testcase classname="basic.LoginDashboard" name="payMent" time="0.015"/>
  <system-out/>
</testsuite> <!-- basic.LoginDashboard -->
