<?xml version="1.0" encoding="UTF-8"?>
<!-- Generated by org.testng.reporters.JUnitReportReporter -->
<testsuite hostname="DESKTOP-73G0TGN" failures="0" tests="3" name="basic.BasicTestNG" time="0.045" errors="0" timestamp="2023-05-18T08:50:42 IST" skipped="0">
  <testcase classname="basic.BasicTestNG" name="testCaseLogin" time="0.009"/>
  <system-out/>
  <testcase classname="basic.BasicTestNG" name="testCaseDashboard" time="0.023"/>
  <system-out/>
  <testcase classname="basic.BasicTestNG" name="testCasePay" time="0.013"/>
  <system-out/>
</testsuite> <!-- basic.BasicTestNG -->
