<?xml version="1.0" encoding="UTF-8"?>
<!-- Generated by org.testng.reporters.JUnitReportReporter -->
<testsuite hostname="DESKTOP-73G0TGN" failures="0" tests="2" name="basic.TestNGAnnotations" time="0.037" errors="0" timestamp="2023-05-19T08:43:48 IST" skipped="0">
  <testcase classname="basic.TestNGAnnotations" name="testCaseOne" time="0.017"/>
  <system-out/>
  <testcase classname="basic.TestNGAnnotations" name="testCaseTwo" time="0.020"/>
  <system-out/>
</testsuite> <!-- basic.TestNGAnnotations -->
